<?xml version="1.0" encoding="UTF-8"?>
<!-- Generated by org.testng.reporters.JUnitReportReporter -->
<testsuite hostname="DESKTOP-N2JB7LM" failures="0" tests="3" name="TestNGConcepts.NewTest" time="45.632" errors="0" timestamp="2022-11-16T09:32:54 IST" skipped="1">
  <testcase classname="TestNGConcepts.NewTest" name="testcase" time="18.916"/>
  <system-out/>
  <testcase classname="TestNGConcepts.NewTest" name="testcase2" time="26.716"/>
  <system-out/>
  <testcase classname="TestNGConcepts.NewTest" name="testcase1">
    <skipped/>
  </testcase> <!-- testcase1 -->
  <system-out/>
</testsuite> <!-- TestNGConcepts.NewTest -->
