<?xml version="1.0" encoding="UTF-8"?>
<!-- Generated by org.testng.reporters.JUnitReportReporter -->
<testsuite hostname="DESKTOP-N2JB7LM" failures="0" tests="2" name="TestNGConcepts.ArthematicOperations" time="0.024" errors="0" timestamp="2022-11-16T09:46:41 IST" skipped="0">
  <testcase classname="TestNGConcepts.ArthematicOperations" name="addition" time="0.022"/>
  <system-out/>
  <testcase classname="TestNGConcepts.ArthematicOperations" name="multiplication" time="0.002"/>
  <system-out/>
</testsuite> <!-- TestNGConcepts.ArthematicOperations -->
