<?xml version="1.0" encoding="UTF-8"?>
<!-- Generated by org.testng.reporters.JUnitReportReporter -->
<testsuite hostname="DESKTOP-N2JB7LM" failures="0" tests="1" name="TestNGConcepts.NewTest1" time="0.016" errors="0" timestamp="2022-11-16T09:32:54 IST" skipped="0">
  <testcase classname="TestNGConcepts.NewTest1" name="f" time="0.016"/>
  <system-out/>
</testsuite> <!-- TestNGConcepts.NewTest1 -->
